[ 2017-03-19T20:45:02+08:00 ] ::1 /Tp/admin.php/User
INFO: [ app_init ] --START--
INFO: Run Behavior\BuildLiteBehavior [ RunTime:0.001001s ]
INFO: [ app_init ] --END-- [ RunTime:0.002001s ]
ERR: 无法加载模块:User

[ 2017-03-19T20:45:20+08:00 ] ::1 /Tp/admin.php/User/index
INFO: [ app_init ] --START--
INFO: Run Behavior\BuildLiteBehavior [ RunTime:0.000000s ]
INFO: [ app_init ] --END-- [ RunTime:0.002000s ]
ERR: 无法加载模块:User

[ 2017-03-19T20:49:20+08:00 ] ::1 /Tp/admin.php/Admin/User/test/user_123/pwd_aaa
INFO: [ app_init ] --START--
INFO: Run Behavior\BuildLiteBehavior [ RunTime:0.000000s ]
INFO: [ app_init ] --END-- [ RunTime:0.000000s ]
ERR: 无法加载模块:Admin/User/test/user

[ 2017-03-19T20:49:27+08:00 ] ::1 /Tp/admin.php/AdminUser/test/user_123/pwd_aaa
INFO: [ app_init ] --START--
INFO: Run Behavior\BuildLiteBehavior [ RunTime:0.000000s ]
INFO: [ app_init ] --END-- [ RunTime:0.001000s ]
ERR: 无法加载模块:AdminUser/test/user

